#
# There is insufficient memory for the Java Runtime Environment to continue.
# Native memory allocation (malloc) failed to allocate 728976 bytes for Chunk::new
# Possible reasons:
#   The system is out of physical RAM or swap space
#   The process is running with CompressedOops enabled, and the Java Heap may be blocking the growth of the native heap
# Possible solutions:
#   Reduce memory load on the system
#   Increase physical memory or swap space
#   Check if swap backing store is full
#   Decrease Java heap size (-Xmx/-Xms)
#   Decrease number of Java threads
#   Decrease Java thread stack sizes (-Xss)
#   Set larger code cache with -XX:ReservedCodeCacheSize=
#   JVM is running with Zero Based Compressed Oops mode in which the Java heap is
#     placed in the first 32GB address space. The Java Heap base address is the
#     maximum limit for the native heap growth. Please use -XX:HeapBaseMinAddress
#     to set the Java Heap base and to place the Java Heap above 32GB virtual address.
# This output file may be truncated or incomplete.
#
#  Out of Memory Error (arena.cpp:189), pid=21548, tid=4824
#
# JRE version: Java(TM) SE Runtime Environment (17.0.12+8) (build 17.0.12+8-LTS-286)
# Java VM: Java HotSpot(TM) 64-Bit Server VM (17.0.12+8-LTS-286, mixed mode, sharing, tiered, compressed oops, compressed class ptrs, g1 gc, windows-amd64)
# No core dump will be written. Minidumps are not enabled by default on client versions of Windows
#

---------------  S U M M A R Y ------------

Command Line: c:\Users\Dell\.vscode\extensions\salesforce.salesforce-vscode-slds-2.0.12\lsp-2.0.12-executable.jar --PORT=49156

Host: Intel(R) Core(TM) i5-8250U CPU @ 1.60GHz, 8 cores, 15G,  Windows 11 , 64 bit Build 22621 (10.0.22621.5415)
Time: Sun Aug 31 10:58:34 2025 India Standard Time elapsed time: 7.116889 seconds (0d 0h 0m 7s)

---------------  T H R E A D  ---------------

Current thread (0x000001eb16244460):  JavaThread "C2 CompilerThread1" daemon [_thread_in_native, id=4824, stack(0x000000a314b00000,0x000000a314c00000)]


Current CompileTask:
C2:   7118 1975   !   4       java.net.URL::<init> (543 bytes)

Stack: [0x000000a314b00000,0x000000a314c00000]
Native frames: (J=compiled Java code, j=interpreted, Vv=VM code, C=native code)
V  [jvm.dll+0x67a04a]
V  [jvm.dll+0x7da4ed]
V  [jvm.dll+0x7dbe33]
V  [jvm.dll+0x7dc4a3]
V  [jvm.dll+0x24508f]
V  [jvm.dll+0xab773]
V  [jvm.dll+0xabd3c]
V  [jvm.dll+0x361b9f]
V  [jvm.dll+0x32c431]
V  [jvm.dll+0x32b8ca]
V  [jvm.dll+0x21683f]
V  [jvm.dll+0x215c6f]
V  [jvm.dll+0x1a2960]
V  [jvm.dll+0x22610b]
V  [jvm.dll+0x2242ab]
V  [jvm.dll+0x79075c]
V  [jvm.dll+0x78abea]
V  [jvm.dll+0x678f35]
C  [ucrtbase.dll+0x29333]
C  [KERNEL32.DLL+0x1259d]
C  [ntdll.dll+0x5af78]


---------------  P R O C E S S  ---------------

Threads class SMR info:
_java_thread_list=0x000001eb16c52f90, length=15, elements={
0x000001eaac900200, 0x000001eacf695ee0, 0x000001eacf696d60, 0x000001eacf6ad770,
0x000001eacf6ae130, 0x000001eacf6aeaf0, 0x000001eacf7c0560, 0x000001eacf7c1250,
0x000001eacf82e480, 0x000001eacf837ab0, 0x000001eacf8f98f0, 0x000001eacf8fdf90,
0x000001eacfacedf0, 0x000001eb16244460, 0x000001eb15fe5820
}

Java Threads: ( => current thread )
  0x000001eaac900200 JavaThread "main" [_thread_in_Java, id=15116, stack(0x000000a313700000,0x000000a313800000)]
  0x000001eacf695ee0 JavaThread "Reference Handler" daemon [_thread_blocked, id=14852, stack(0x000000a313e00000,0x000000a313f00000)]
  0x000001eacf696d60 JavaThread "Finalizer" daemon [_thread_blocked, id=17576, stack(0x000000a313f00000,0x000000a314000000)]
  0x000001eacf6ad770 JavaThread "Signal Dispatcher" daemon [_thread_blocked, id=11588, stack(0x000000a314000000,0x000000a314100000)]
  0x000001eacf6ae130 JavaThread "Attach Listener" daemon [_thread_blocked, id=21588, stack(0x000000a314100000,0x000000a314200000)]
  0x000001eacf6aeaf0 JavaThread "Service Thread" daemon [_thread_blocked, id=8368, stack(0x000000a314200000,0x000000a314300000)]
  0x000001eacf7c0560 JavaThread "Monitor Deflation Thread" daemon [_thread_blocked, id=16832, stack(0x000000a314300000,0x000000a314400000)]
  0x000001eacf7c1250 JavaThread "C2 CompilerThread0" daemon [_thread_blocked, id=25704, stack(0x000000a314400000,0x000000a314500000)]
  0x000001eacf82e480 JavaThread "C1 CompilerThread0" daemon [_thread_blocked, id=1780, stack(0x000000a314500000,0x000000a314600000)]
  0x000001eacf837ab0 JavaThread "Sweeper thread" daemon [_thread_blocked, id=13936, stack(0x000000a314600000,0x000000a314700000)]
  0x000001eacf8f98f0 JavaThread "Notification Thread" daemon [_thread_blocked, id=13720, stack(0x000000a314700000,0x000000a314800000)]
  0x000001eacf8fdf90 JavaThread "Common-Cleaner" daemon [_thread_blocked, id=19088, stack(0x000000a314900000,0x000000a314a00000)]
  0x000001eacfacedf0 JavaThread "Cleaner-0" daemon [_thread_blocked, id=25044, stack(0x000000a314a00000,0x000000a314b00000)]
=>0x000001eb16244460 JavaThread "C2 CompilerThread1" daemon [_thread_in_native, id=4824, stack(0x000000a314b00000,0x000000a314c00000)]
  0x000001eb15fe5820 JavaThread "C2 CompilerThread2" daemon [_thread_in_native, id=14304, stack(0x000000a315100000,0x000000a315200000)]

Other Threads:
  0x000001eacf68f2c0 VMThread "VM Thread" [stack: 0x000000a313d00000,0x000000a313e00000] [id=15444]
  0x000001eaac985c40 WatcherThread [stack: 0x000000a314800000,0x000000a314900000] [id=18736]
  0x000001eaac96d910 GCTaskThread "GC Thread#0" [stack: 0x000000a313800000,0x000000a313900000] [id=3304]
  0x000001eb154d7260 GCTaskThread "GC Thread#1" [stack: 0x000000a314c00000,0x000000a314d00000] [id=1692]
  0x000001eb15858fb0 GCTaskThread "GC Thread#2" [stack: 0x000000a314d00000,0x000000a314e00000] [id=4908]
  0x000001eb15859270 GCTaskThread "GC Thread#3" [stack: 0x000000a314e00000,0x000000a314f00000] [id=25800]
  0x000001eb15859530 GCTaskThread "GC Thread#4" [stack: 0x000000a314f00000,0x000000a315000000] [id=19256]
  0x000001eb158597f0 GCTaskThread "GC Thread#5" [stack: 0x000000a315000000,0x000000a315100000] [id=15276]
  0x000001eaac97e6e0 ConcurrentGCThread "G1 Main Marker" [stack: 0x000000a313900000,0x000000a313a00000] [id=9784]
  0x000001eaac980100 ConcurrentGCThread "G1 Conc#0" [stack: 0x000000a313a00000,0x000000a313b00000] [id=8876]
  0x000001eaac9be620 ConcurrentGCThread "G1 Refine#0" [stack: 0x000000a313b00000,0x000000a313c00000] [id=17044]
  0x000001eacf546260 ConcurrentGCThread "G1 Service" [stack: 0x000000a313c00000,0x000000a313d00000] [id=25348]

Threads with active compile tasks:
C2 CompilerThread1     7202 1975   !   4       java.net.URL::<init> (543 bytes)
C2 CompilerThread2     7202 2000 % !   4       java.util.concurrent.ConcurrentHashMap::transfer @ 96 (849 bytes)

VM state: not at safepoint (normal execution)

VM Mutex/Monitor currently owned by a thread: None

Heap address: 0x0000000701800000, size: 4072 MB, Compressed Oops mode: Zero based, Oop shift amount: 3

CDS archive(s) mapped at: [0x000001ead0000000-0x000001ead0bd0000-0x000001ead0bd0000), size 12386304, SharedBaseAddress: 0x000001ead0000000, ArchiveRelocationMode: 1.
Compressed class space mapped at: 0x000001ead1000000-0x000001eb11000000, reserved size: 1073741824
Narrow klass base: 0x000001ead0000000, Narrow klass shift: 0, Narrow klass range: 0x100000000

GC Precious Log:
 CPUs: 8 total, 8 available
 Memory: 16280M
 Large Page Support: Disabled
 NUMA Support: Disabled
 Compressed Oops: Enabled (Zero based)
 Heap Region Size: 2M
 Heap Min Capacity: 8M
 Heap Initial Capacity: 256M
 Heap Max Capacity: 4072M
 Pre-touch: Disabled
 Parallel Workers: 8
 Concurrent Workers: 2
 Concurrent Refinement Workers: 8
 Periodic GC: Disabled

Heap:
 garbage-first heap   total 262144K, used 26289K [0x0000000701800000, 0x0000000800000000)
  region size 2048K, 14 young (28672K), 2 survivors (4096K)
 Metaspace       used 9849K, committed 10112K, reserved 1114112K
  class space    used 1268K, committed 1408K, reserved 1048576K

Heap Regions: E=young(eden), S=young(survivor), O=old, HS=humongous(starts), HC=humongous(continues), CS=collection set, F=free, OA=open archive, CA=closed archive, TAMS=top-at-mark-start (previous, next)
|   0|0x0000000701800000, 0x0000000701800000, 0x0000000701a00000|  0%| F|  |TAMS 0x0000000701800000, 0x0000000701800000| Untracked 
|   1|0x0000000701a00000, 0x0000000701a00000, 0x0000000701c00000|  0%| F|  |TAMS 0x0000000701a00000, 0x0000000701a00000| Untracked 
|   2|0x0000000701c00000, 0x0000000701c00000, 0x0000000701e00000|  0%| F|  |TAMS 0x0000000701c00000, 0x0000000701c00000| Untracked 
|   3|0x0000000701e00000, 0x0000000701e00000, 0x0000000702000000|  0%| F|  |TAMS 0x0000000701e00000, 0x0000000701e00000| Untracked 
|   4|0x0000000702000000, 0x0000000702000000, 0x0000000702200000|  0%| F|  |TAMS 0x0000000702000000, 0x0000000702000000| Untracked 
|   5|0x0000000702200000, 0x0000000702200000, 0x0000000702400000|  0%| F|  |TAMS 0x0000000702200000, 0x0000000702200000| Untracked 
|   6|0x0000000702400000, 0x0000000702400000, 0x0000000702600000|  0%| F|  |TAMS 0x0000000702400000, 0x0000000702400000| Untracked 
|   7|0x0000000702600000, 0x0000000702600000, 0x0000000702800000|  0%| F|  |TAMS 0x0000000702600000, 0x0000000702600000| Untracked 
|   8|0x0000000702800000, 0x0000000702800000, 0x0000000702a00000|  0%| F|  |TAMS 0x0000000702800000, 0x0000000702800000| Untracked 
|   9|0x0000000702a00000, 0x0000000702a00000, 0x0000000702c00000|  0%| F|  |TAMS 0x0000000702a00000, 0x0000000702a00000| Untracked 
|  10|0x0000000702c00000, 0x0000000702c00000, 0x0000000702e00000|  0%| F|  |TAMS 0x0000000702c00000, 0x0000000702c00000| Untracked 
|  11|0x0000000702e00000, 0x0000000702e00000, 0x0000000703000000|  0%| F|  |TAMS 0x0000000702e00000, 0x0000000702e00000| Untracked 
|  12|0x0000000703000000, 0x0000000703000000, 0x0000000703200000|  0%| F|  |TAMS 0x0000000703000000, 0x0000000703000000| Untracked 
|  13|0x0000000703200000, 0x0000000703200000, 0x0000000703400000|  0%| F|  |TAMS 0x0000000703200000, 0x0000000703200000| Untracked 
|  14|0x0000000703400000, 0x0000000703400000, 0x0000000703600000|  0%| F|  |TAMS 0x0000000703400000, 0x0000000703400000| Untracked 
|  15|0x0000000703600000, 0x0000000703600000, 0x0000000703800000|  0%| F|  |TAMS 0x0000000703600000, 0x0000000703600000| Untracked 
|  16|0x0000000703800000, 0x0000000703800000, 0x0000000703a00000|  0%| F|  |TAMS 0x0000000703800000, 0x0000000703800000| Untracked 
|  17|0x0000000703a00000, 0x0000000703a00000, 0x0000000703c00000|  0%| F|  |TAMS 0x0000000703a00000, 0x0000000703a00000| Untracked 
|  18|0x0000000703c00000, 0x0000000703c00000, 0x0000000703e00000|  0%| F|  |TAMS 0x0000000703c00000, 0x0000000703c00000| Untracked 
|  19|0x0000000703e00000, 0x0000000703e00000, 0x0000000704000000|  0%| F|  |TAMS 0x0000000703e00000, 0x0000000703e00000| Untracked 
|  20|0x0000000704000000, 0x0000000704000000, 0x0000000704200000|  0%| F|  |TAMS 0x0000000704000000, 0x0000000704000000| Untracked 
|  21|0x0000000704200000, 0x0000000704200000, 0x0000000704400000|  0%| F|  |TAMS 0x0000000704200000, 0x0000000704200000| Untracked 
|  22|0x0000000704400000, 0x0000000704400000, 0x0000000704600000|  0%| F|  |TAMS 0x0000000704400000, 0x0000000704400000| Untracked 
|  23|0x0000000704600000, 0x0000000704600000, 0x0000000704800000|  0%| F|  |TAMS 0x0000000704600000, 0x0000000704600000| Untracked 
|  24|0x0000000704800000, 0x0000000704800000, 0x0000000704a00000|  0%| F|  |TAMS 0x0000000704800000, 0x0000000704800000| Untracked 
|  25|0x0000000704a00000, 0x0000000704a00000, 0x0000000704c00000|  0%| F|  |TAMS 0x0000000704a00000, 0x0000000704a00000| Untracked 
|  26|0x0000000704c00000, 0x0000000704c00000, 0x0000000704e00000|  0%| F|  |TAMS 0x0000000704c00000, 0x0000000704c00000| Untracked 
|  27|0x0000000704e00000, 0x0000000704e00000, 0x0000000705000000|  0%| F|  |TAMS 0x0000000704e00000, 0x0000000704e00000| Untracked 
|  28|0x0000000705000000, 0x0000000705000000, 0x0000000705200000|  0%| F|  |TAMS 0x0000000705000000, 0x0000000705000000| Untracked 
|  29|0x0000000705200000, 0x0000000705200000, 0x0000000705400000|  0%| F|  |TAMS 0x0000000705200000, 0x0000000705200000| Untracked 
|  30|0x0000000705400000, 0x0000000705400000, 0x0000000705600000|  0%| F|  |TAMS 0x0000000705400000, 0x0000000705400000| Untracked 
|  31|0x0000000705600000, 0x0000000705600000, 0x0000000705800000|  0%| F|  |TAMS 0x0000000705600000, 0x0000000705600000| Untracked 
|  32|0x0000000705800000, 0x0000000705800000, 0x0000000705a00000|  0%| F|  |TAMS 0x0000000705800000, 0x0000000705800000| Untracked 
|  33|0x0000000705a00000, 0x0000000705a00000, 0x0000000705c00000|  0%| F|  |TAMS 0x0000000705a00000, 0x0000000705a00000| Untracked 
|  34|0x0000000705c00000, 0x0000000705c00000, 0x0000000705e00000|  0%| F|  |TAMS 0x0000000705c00000, 0x0000000705c00000| Untracked 
|  35|0x0000000705e00000, 0x0000000705e00000, 0x0000000706000000|  0%| F|  |TAMS 0x0000000705e00000, 0x0000000705e00000| Untracked 
|  36|0x0000000706000000, 0x0000000706000000, 0x0000000706200000|  0%| F|  |TAMS 0x0000000706000000, 0x0000000706000000| Untracked 
|  37|0x0000000706200000, 0x0000000706200000, 0x0000000706400000|  0%| F|  |TAMS 0x0000000706200000, 0x0000000706200000| Untracked 
|  38|0x0000000706400000, 0x0000000706400000, 0x0000000706600000|  0%| F|  |TAMS 0x0000000706400000, 0x0000000706400000| Untracked 
|  39|0x0000000706600000, 0x0000000706600000, 0x0000000706800000|  0%| F|  |TAMS 0x0000000706600000, 0x0000000706600000| Untracked 
|  40|0x0000000706800000, 0x0000000706800000, 0x0000000706a00000|  0%| F|  |TAMS 0x0000000706800000, 0x0000000706800000| Untracked 
|  41|0x0000000706a00000, 0x0000000706a00000, 0x0000000706c00000|  0%| F|  |TAMS 0x0000000706a00000, 0x0000000706a00000| Untracked 
|  42|0x0000000706c00000, 0x0000000706c00000, 0x0000000706e00000|  0%| F|  |TAMS 0x0000000706c00000, 0x0000000706c00000| Untracked 
|  43|0x0000000706e00000, 0x0000000706e00000, 0x0000000707000000|  0%| F|  |TAMS 0x0000000706e00000, 0x0000000706e00000| Untracked 
|  44|0x0000000707000000, 0x0000000707000000, 0x0000000707200000|  0%| F|  |TAMS 0x0000000707000000, 0x0000000707000000| Untracked 
|  45|0x0000000707200000, 0x0000000707200000, 0x0000000707400000|  0%| F|  |TAMS 0x0000000707200000, 0x0000000707200000| Untracked 
|  46|0x0000000707400000, 0x0000000707400000, 0x0000000707600000|  0%| F|  |TAMS 0x0000000707400000, 0x0000000707400000| Untracked 
|  47|0x0000000707600000, 0x0000000707600000, 0x0000000707800000|  0%| F|  |TAMS 0x0000000707600000, 0x0000000707600000| Untracked 
|  48|0x0000000707800000, 0x0000000707800000, 0x0000000707a00000|  0%| F|  |TAMS 0x0000000707800000, 0x0000000707800000| Untracked 
|  49|0x0000000707a00000, 0x0000000707a00000, 0x0000000707c00000|  0%| F|  |TAMS 0x0000000707a00000, 0x0000000707a00000| Untracked 
|  50|0x0000000707c00000, 0x0000000707c00000, 0x0000000707e00000|  0%| F|  |TAMS 0x0000000707c00000, 0x0000000707c00000| Untracked 
|  51|0x0000000707e00000, 0x0000000707e00000, 0x0000000708000000|  0%| F|  |TAMS 0x0000000707e00000, 0x0000000707e00000| Untracked 
|  52|0x0000000708000000, 0x0000000708000000, 0x0000000708200000|  0%| F|  |TAMS 0x0000000708000000, 0x0000000708000000| Untracked 
|  53|0x0000000708200000, 0x0000000708200000, 0x0000000708400000|  0%| F|  |TAMS 0x0000000708200000, 0x0000000708200000| Untracked 
|  54|0x0000000708400000, 0x0000000708400000, 0x0000000708600000|  0%| F|  |TAMS 0x0000000708400000, 0x0000000708400000| Untracked 
|  55|0x0000000708600000, 0x0000000708600000, 0x0000000708800000|  0%| F|  |TAMS 0x0000000708600000, 0x0000000708600000| Untracked 
|  56|0x0000000708800000, 0x0000000708800000, 0x0000000708a00000|  0%| F|  |TAMS 0x0000000708800000, 0x0000000708800000| Untracked 
|  57|0x0000000708a00000, 0x0000000708a00000, 0x0000000708c00000|  0%| F|  |TAMS 0x0000000708a00000, 0x0000000708a00000| Untracked 
|  58|0x0000000708c00000, 0x0000000708c00000, 0x0000000708e00000|  0%| F|  |TAMS 0x0000000708c00000, 0x0000000708c00000| Untracked 
|  59|0x0000000708e00000, 0x0000000708e00000, 0x0000000709000000|  0%| F|  |TAMS 0x0000000708e00000, 0x0000000708e00000| Untracked 
|  60|0x0000000709000000, 0x0000000709000000, 0x0000000709200000|  0%| F|  |TAMS 0x0000000709000000, 0x0000000709000000| Untracked 
|  61|0x0000000709200000, 0x0000000709200000, 0x0000000709400000|  0%| F|  |TAMS 0x0000000709200000, 0x0000000709200000| Untracked 
|  62|0x0000000709400000, 0x0000000709400000, 0x0000000709600000|  0%| F|  |TAMS 0x0000000709400000, 0x0000000709400000| Untracked 
|  63|0x0000000709600000, 0x0000000709600000, 0x0000000709800000|  0%| F|  |TAMS 0x0000000709600000, 0x0000000709600000| Untracked 
|  64|0x0000000709800000, 0x0000000709800000, 0x0000000709a00000|  0%| F|  |TAMS 0x0000000709800000, 0x0000000709800000| Untracked 
|  65|0x0000000709a00000, 0x0000000709a00000, 0x0000000709c00000|  0%| F|  |TAMS 0x0000000709a00000, 0x0000000709a00000| Untracked 
|  66|0x0000000709c00000, 0x0000000709c00000, 0x0000000709e00000|  0%| F|  |TAMS 0x0000000709c00000, 0x0000000709c00000| Untracked 
|  67|0x0000000709e00000, 0x0000000709e00000, 0x000000070a000000|  0%| F|  |TAMS 0x0000000709e00000, 0x0000000709e00000| Untracked 
|  68|0x000000070a000000, 0x000000070a000000, 0x000000070a200000|  0%| F|  |TAMS 0x000000070a000000, 0x000000070a000000| Untracked 
|  69|0x000000070a200000, 0x000000070a200000, 0x000000070a400000|  0%| F|  |TAMS 0x000000070a200000, 0x000000070a200000| Untracked 
|  70|0x000000070a400000, 0x000000070a400000, 0x000000070a600000|  0%| F|  |TAMS 0x000000070a400000, 0x000000070a400000| Untracked 
|  71|0x000000070a600000, 0x000000070a600000, 0x000000070a800000|  0%| F|  |TAMS 0x000000070a600000, 0x000000070a600000| Untracked 
|  72|0x000000070a800000, 0x000000070a800000, 0x000000070aa00000|  0%| F|  |TAMS 0x000000070a800000, 0x000000070a800000| Untracked 
|  73|0x000000070aa00000, 0x000000070aa00000, 0x000000070ac00000|  0%| F|  |TAMS 0x000000070aa00000, 0x000000070aa00000| Untracked 
|  74|0x000000070ac00000, 0x000000070ac00000, 0x000000070ae00000|  0%| F|  |TAMS 0x000000070ac00000, 0x000000070ac00000| Untracked 
|  75|0x000000070ae00000, 0x000000070ae00000, 0x000000070b000000|  0%| F|  |TAMS 0x000000070ae00000, 0x000000070ae00000| Untracked 
|  76|0x000000070b000000, 0x000000070b000000, 0x000000070b200000|  0%| F|  |TAMS 0x000000070b000000, 0x000000070b000000| Untracked 
|  77|0x000000070b200000, 0x000000070b200000, 0x000000070b400000|  0%| F|  |TAMS 0x000000070b200000, 0x000000070b200000| Untracked 
|  78|0x000000070b400000, 0x000000070b400000, 0x000000070b600000|  0%| F|  |TAMS 0x000000070b400000, 0x000000070b400000| Untracked 
|  79|0x000000070b600000, 0x000000070b600000, 0x000000070b800000|  0%| F|  |TAMS 0x000000070b600000, 0x000000070b600000| Untracked 
|  80|0x000000070b800000, 0x000000070b800000, 0x000000070ba00000|  0%| F|  |TAMS 0x000000070b800000, 0x000000070b800000| Untracked 
|  81|0x000000070ba00000, 0x000000070ba00000, 0x000000070bc00000|  0%| F|  |TAMS 0x000000070ba00000, 0x000000070ba00000| Untracked 
|  82|0x000000070bc00000, 0x000000070bc00000, 0x000000070be00000|  0%| F|  |TAMS 0x000000070bc00000, 0x000000070bc00000| Untracked 
|  83|0x000000070be00000, 0x000000070be00000, 0x000000070c000000|  0%| F|  |TAMS 0x000000070be00000, 0x000000070be00000| Untracked 
|  84|0x000000070c000000, 0x000000070c000000, 0x000000070c200000|  0%| F|  |TAMS 0x000000070c000000, 0x000000070c000000| Untracked 
|  85|0x000000070c200000, 0x000000070c200000, 0x000000070c400000|  0%| F|  |TAMS 0x000000070c200000, 0x000000070c200000| Untracked 
|  86|0x000000070c400000, 0x000000070c400000, 0x000000070c600000|  0%| F|  |TAMS 0x000000070c400000, 0x000000070c400000| Untracked 
|  87|0x000000070c600000, 0x000000070c600000, 0x000000070c800000|  0%| F|  |TAMS 0x000000070c600000, 0x000000070c600000| Untracked 
|  88|0x000000070c800000, 0x000000070c800000, 0x000000070ca00000|  0%| F|  |TAMS 0x000000070c800000, 0x000000070c800000| Untracked 
|  89|0x000000070ca00000, 0x000000070ca00000, 0x000000070cc00000|  0%| F|  |TAMS 0x000000070ca00000, 0x000000070ca00000| Untracked 
|  90|0x000000070cc00000, 0x000000070cc00000, 0x000000070ce00000|  0%| F|  |TAMS 0x000000070cc00000, 0x000000070cc00000| Untracked 
|  91|0x000000070ce00000, 0x000000070ce00000, 0x000000070d000000|  0%| F|  |TAMS 0x000000070ce00000, 0x000000070ce00000| Untracked 
|  92|0x000000070d000000, 0x000000070d000000, 0x000000070d200000|  0%| F|  |TAMS 0x000000070d000000, 0x000000070d000000| Untracked 
|  93|0x000000070d200000, 0x000000070d200000, 0x000000070d400000|  0%| F|  |TAMS 0x000000070d200000, 0x000000070d200000| Untracked 
|  94|0x000000070d400000, 0x000000070d400000, 0x000000070d600000|  0%| F|  |TAMS 0x000000070d400000, 0x000000070d400000| Untracked 
|  95|0x000000070d600000, 0x000000070d600000, 0x000000070d800000|  0%| F|  |TAMS 0x000000070d600000, 0x000000070d600000| Untracked 
|  96|0x000000070d800000, 0x000000070d800000, 0x000000070da00000|  0%| F|  |TAMS 0x000000070d800000, 0x000000070d800000| Untracked 
|  97|0x000000070da00000, 0x000000070da00000, 0x000000070dc00000|  0%| F|  |TAMS 0x000000070da00000, 0x000000070da00000| Untracked 
|  98|0x000000070dc00000, 0x000000070dc00000, 0x000000070de00000|  0%| F|  |TAMS 0x000000070dc00000, 0x000000070dc00000| Untracked 
|  99|0x000000070de00000, 0x000000070de00000, 0x000000070e000000|  0%| F|  |TAMS 0x000000070de00000, 0x000000070de00000| Untracked 
| 100|0x000000070e000000, 0x000000070e000000, 0x000000070e200000|  0%| F|  |TAMS 0x000000070e000000, 0x000000070e000000| Untracked 
| 101|0x000000070e200000, 0x000000070e200000, 0x000000070e400000|  0%| F|  |TAMS 0x000000070e200000, 0x000000070e200000| Untracked 
| 102|0x000000070e400000, 0x000000070e400000, 0x000000070e600000|  0%| F|  |TAMS 0x000000070e400000, 0x000000070e400000| Untracked 
| 103|0x000000070e600000, 0x000000070e600000, 0x000000070e800000|  0%| F|  |TAMS 0x000000070e600000, 0x000000070e600000| Untracked 
| 104|0x000000070e800000, 0x000000070e800000, 0x000000070ea00000|  0%| F|  |TAMS 0x000000070e800000, 0x000000070e800000| Untracked 
| 105|0x000000070ea00000, 0x000000070ea00000, 0x000000070ec00000|  0%| F|  |TAMS 0x000000070ea00000, 0x000000070ea00000| Untracked 
| 106|0x000000070ec00000, 0x000000070ec00000, 0x000000070ee00000|  0%| F|  |TAMS 0x000000070ec00000, 0x000000070ec00000| Untracked 
| 107|0x000000070ee00000, 0x000000070efac450, 0x000000070f000000| 83%| S|CS|TAMS 0x000000070ee00000, 0x000000070ee00000| Complete 
| 108|0x000000070f000000, 0x000000070f200000, 0x000000070f200000|100%| S|CS|TAMS 0x000000070f000000, 0x000000070f000000| Complete 
| 109|0x000000070f200000, 0x000000070f200000, 0x000000070f400000|  0%| F|  |TAMS 0x000000070f200000, 0x000000070f200000| Untracked 
| 110|0x000000070f400000, 0x000000070f400000, 0x000000070f600000|  0%| F|  |TAMS 0x000000070f400000, 0x000000070f400000| Untracked 
| 111|0x000000070f600000, 0x000000070f600000, 0x000000070f800000|  0%| F|  |TAMS 0x000000070f600000, 0x000000070f600000| Untracked 
| 112|0x000000070f800000, 0x000000070f800000, 0x000000070fa00000|  0%| F|  |TAMS 0x000000070f800000, 0x000000070f800000| Untracked 
| 113|0x000000070fa00000, 0x000000070fa00000, 0x000000070fc00000|  0%| F|  |TAMS 0x000000070fa00000, 0x000000070fa00000| Untracked 
| 114|0x000000070fc00000, 0x000000070fc00000, 0x000000070fe00000|  0%| F|  |TAMS 0x000000070fc00000, 0x000000070fc00000| Untracked 
| 115|0x000000070fe00000, 0x000000070fe00000, 0x0000000710000000|  0%| F|  |TAMS 0x000000070fe00000, 0x000000070fe00000| Untracked 
| 116|0x0000000710000000, 0x0000000710200000, 0x0000000710200000|100%| E|  |TAMS 0x0000000710000000, 0x0000000710000000| Complete 
| 117|0x0000000710200000, 0x0000000710400000, 0x0000000710400000|100%| E|CS|TAMS 0x0000000710200000, 0x0000000710200000| Complete 
| 118|0x0000000710400000, 0x0000000710600000, 0x0000000710600000|100%| E|CS|TAMS 0x0000000710400000, 0x0000000710400000| Complete 
| 119|0x0000000710600000, 0x0000000710800000, 0x0000000710800000|100%| E|CS|TAMS 0x0000000710600000, 0x0000000710600000| Complete 
| 120|0x0000000710800000, 0x0000000710a00000, 0x0000000710a00000|100%| E|CS|TAMS 0x0000000710800000, 0x0000000710800000| Complete 
| 121|0x0000000710a00000, 0x0000000710c00000, 0x0000000710c00000|100%| E|CS|TAMS 0x0000000710a00000, 0x0000000710a00000| Complete 
| 122|0x0000000710c00000, 0x0000000710e00000, 0x0000000710e00000|100%| E|CS|TAMS 0x0000000710c00000, 0x0000000710c00000| Complete 
| 123|0x0000000710e00000, 0x0000000711000000, 0x0000000711000000|100%| E|CS|TAMS 0x0000000710e00000, 0x0000000710e00000| Complete 
| 124|0x0000000711000000, 0x0000000711200000, 0x0000000711200000|100%| E|CS|TAMS 0x0000000711000000, 0x0000000711000000| Complete 
| 125|0x0000000711200000, 0x0000000711400000, 0x0000000711400000|100%| E|CS|TAMS 0x0000000711200000, 0x0000000711200000| Complete 
| 126|0x0000000711400000, 0x0000000711600000, 0x0000000711600000|100%| E|CS|TAMS 0x0000000711400000, 0x0000000711400000| Complete 
| 127|0x0000000711600000, 0x0000000711800000, 0x0000000711800000|100%| E|CS|TAMS 0x0000000711600000, 0x0000000711600000| Complete 

Card table byte_map: [0x000001eac3ce0000,0x000001eac44e0000] _byte_map_base: 0x000001eac04d4000

Marking Bits (Prev, Next): (CMBitMap*) 0x000001eaac96df30, (CMBitMap*) 0x000001eaac96df70
 Prev Bits: [0x000001eac4ce0000, 0x000001eac8c80000)
 Next Bits: [0x000001eac8c80000, 0x000001eaccc20000)

Polling page: 0x000001eaaa8c0000

Metaspace:

Usage:
  Non-class:      8.38 MB used.
      Class:      1.24 MB used.
       Both:      9.62 MB used.

Virtual space:
  Non-class space:       64.00 MB reserved,       8.50 MB ( 13%) committed,  1 nodes.
      Class space:        1.00 GB reserved,       1.38 MB ( <1%) committed,  1 nodes.
             Both:        1.06 GB reserved,       9.88 MB ( <1%) committed. 

Chunk freelists:
   Non-Class:  6.50 MB
       Class:  14.61 MB
        Both:  21.11 MB

MaxMetaspaceSize: unlimited
CompressedClassSpaceSize: 1.00 GB
Initial GC threshold: 21.00 MB
Current GC threshold: 21.00 MB
CDS: on
MetaspaceReclaimPolicy: balanced
 - commit_granule_bytes: 65536.
 - commit_granule_words: 8192.
 - virtual_space_node_default_size: 8388608.
 - enlarge_chunks_in_place: 1.
 - new_chunks_are_fully_committed: 0.
 - uncommit_free_chunks: 1.
 - use_allocation_guard: 0.
 - handle_deallocations: 1.


Internal statistics:

num_allocs_failed_limit: 0.
num_arena_births: 284.
num_arena_deaths: 0.
num_vsnodes_births: 2.
num_vsnodes_deaths: 0.
num_space_committed: 158.
num_space_uncommitted: 0.
num_chunks_returned_to_freelist: 0.
num_chunks_taken_from_freelist: 619.
num_chunk_merges: 0.
num_chunk_splits: 404.
num_chunks_enlarged: 281.
num_inconsistent_stats: 0.

CodeHeap 'non-profiled nmethods': size=120000Kb used=1165Kb max_used=1165Kb free=118834Kb
 bounds [0x000001eabbc80000, 0x000001eabbef0000, 0x000001eac31b0000]
CodeHeap 'profiled nmethods': size=120000Kb used=3594Kb max_used=3594Kb free=116405Kb
 bounds [0x000001eab41b0000, 0x000001eab4540000, 0x000001eabb6e0000]
CodeHeap 'non-nmethods': size=5760Kb used=1167Kb max_used=1229Kb free=4592Kb
 bounds [0x000001eabb6e0000, 0x000001eabb950000, 0x000001eabbc80000]
 total_blobs=2453 nmethods=1997 adapters=368
 compilation: enabled
              stopped_count=0, restarted_count=0
 full_count=0

Compilation events (20 events):
Event: 7.097 Thread 0x000001eacf82e480 1989       3       org.springframework.core.convert.support.GenericConversionService$Converters::getMatchableConverters (19 bytes)
Event: 7.098 Thread 0x000001eacf82e480 nmethod 1989 0x000001eab452c310 code [0x000001eab452c4e0, 0x000001eab452c948]
Event: 7.098 Thread 0x000001eacf82e480 1990       3       org.springframework.core.convert.support.GenericConversionService$ConvertersForPair::add (11 bytes)
Event: 7.098 Thread 0x000001eacf82e480 nmethod 1990 0x000001eab452ca90 code [0x000001eab452cc40, 0x000001eab452ce28]
Event: 7.098 Thread 0x000001eacf82e480 1991       3       java.util.concurrent.ConcurrentLinkedDeque::addFirst (6 bytes)
Event: 7.098 Thread 0x000001eacf82e480 nmethod 1991 0x000001eab452cf10 code [0x000001eab452d0a0, 0x000001eab452d1e8]
Event: 7.098 Thread 0x000001eacf82e480 1992       3       java.util.Collections::singleton (9 bytes)
Event: 7.099 Thread 0x000001eacf82e480 nmethod 1992 0x000001eab452d290 code [0x000001eab452d440, 0x000001eab452d758]
Event: 7.099 Thread 0x000001eacf82e480 1987       3       sun.reflect.generics.reflectiveObjects.ParameterizedTypeImpl::hashCode (24 bytes)
Event: 7.099 Thread 0x000001eacf82e480 nmethod 1987 0x000001eab452d890 code [0x000001eab452da60, 0x000001eab452dea8]
Event: 7.099 Thread 0x000001eacf82e480 1994       3       java.util.concurrent.ConcurrentLinkedDeque::linkFirst (114 bytes)
Event: 7.104 Thread 0x000001eacf82e480 nmethod 1994 0x000001eab452e010 code [0x000001eab452e520, 0x000001eab4530ea8]
Event: 7.104 Thread 0x000001eacf82e480 1995       3       java.util.concurrent.ConcurrentLinkedDeque::newNode (18 bytes)
Event: 7.105 Thread 0x000001eb15fe5820 nmethod 1983 0x000001eabbda1090 code [0x000001eabbda1240, 0x000001eabbda1838]
Event: 7.105 Thread 0x000001eb15fe5820 1996       4       java.nio.HeapByteBuffer::getShort (29 bytes)
Event: 7.106 Thread 0x000001eacf82e480 nmethod 1995 0x000001eab4531c10 code [0x000001eab4531e60, 0x000001eab45327f8]
Event: 7.108 Thread 0x000001eb15fe5820 nmethod 1996 0x000001eabbda1a90 code [0x000001eabbda1c00, 0x000001eabbda1d18]
Event: 7.108 Thread 0x000001eb15fe5820 1997       4       jdk.internal.misc.Unsafe::getShortUnaligned (12 bytes)
Event: 7.109 Thread 0x000001eb15fe5820 nmethod 1997 0x000001eabbda1e90 code [0x000001eabbda2000, 0x000001eabbda20b8]
Event: 7.111 Thread 0x000001eacf7c1250 nmethod 1984 0x000001eabbda2190 code [0x000001eabbda2320, 0x000001eabbda2a08]

GC Heap History (4 events):
Event: 2.448 GC heap before
{Heap before GC invocations=0 (full 0):
 garbage-first heap   total 262144K, used 22528K [0x0000000701800000, 0x0000000800000000)
  region size 2048K, 11 young (22528K), 0 survivors (0K)
 Metaspace       used 3402K, committed 3648K, reserved 1114112K
  class space    used 353K, committed 448K, reserved 1048576K
}
Event: 2.767 GC heap after
{Heap after GC invocations=1 (full 0):
 garbage-first heap   total 262144K, used 2439K [0x0000000701800000, 0x0000000800000000)
  region size 2048K, 2 young (4096K), 2 survivors (4096K)
 Metaspace       used 3402K, committed 3648K, reserved 1114112K
  class space    used 353K, committed 448K, reserved 1048576K
}
Event: 5.842 GC heap before
{Heap before GC invocations=1 (full 0):
 garbage-first heap   total 262144K, used 37255K [0x0000000701800000, 0x0000000800000000)
  region size 2048K, 19 young (38912K), 2 survivors (4096K)
 Metaspace       used 7577K, committed 7872K, reserved 1114112K
  class space    used 934K, committed 1088K, reserved 1048576K
}
Event: 5.851 GC heap after
{Heap after GC invocations=2 (full 0):
 garbage-first heap   total 262144K, used 3761K [0x0000000701800000, 0x0000000800000000)
  region size 2048K, 2 young (4096K), 2 survivors (4096K)
 Metaspace       used 7577K, committed 7872K, reserved 1114112K
  class space    used 934K, committed 1088K, reserved 1048576K
}

Deoptimization events (20 events):
Event: 5.967 Thread 0x000001eaac900200 Uncommon trap: trap_request=0xffffff45 fr.pc=0x000001eabbd70c30 relative=0x0000000000000410
Event: 5.967 Thread 0x000001eaac900200 Uncommon trap: reason=unstable_if action=reinterpret pc=0x000001eabbd70c30 method=java.lang.AbstractStringBuilder.isLatin1()Z @ 10 c2
Event: 5.967 Thread 0x000001eaac900200 DEOPT PACKING pc=0x000001eabbd70c30 sp=0x000000a3137fc6a0
Event: 5.967 Thread 0x000001eaac900200 DEOPT UNPACKING pc=0x000001eabb7323a3 sp=0x000000a3137fc620 mode 2
Event: 5.967 Thread 0x000001eaac900200 Uncommon trap: trap_request=0xffffff45 fr.pc=0x000001eabbc946b8 relative=0x0000000000000038
Event: 5.967 Thread 0x000001eaac900200 Uncommon trap: reason=unstable_if action=reinterpret pc=0x000001eabbc946b8 method=java.lang.StringLatin1.canEncode(I)Z @ 4 c2
Event: 5.967 Thread 0x000001eaac900200 DEOPT PACKING pc=0x000001eabbc946b8 sp=0x000000a3137fc4f0
Event: 5.967 Thread 0x000001eaac900200 DEOPT UNPACKING pc=0x000001eabb7323a3 sp=0x000000a3137fc480 mode 2
Event: 6.036 Thread 0x000001eaac900200 Uncommon trap: trap_request=0xffffffde fr.pc=0x000001eabbcd76c4 relative=0x0000000000000304
Event: 6.036 Thread 0x000001eaac900200 Uncommon trap: reason=class_check action=maybe_recompile pc=0x000001eabbcd76c4 method=java.util.HashMap.getNode(Ljava/lang/Object;)Ljava/util/HashMap$Node; @ 128 c2
Event: 6.036 Thread 0x000001eaac900200 DEOPT PACKING pc=0x000001eabbcd76c4 sp=0x000000a3137fd1c0
Event: 6.036 Thread 0x000001eaac900200 DEOPT UNPACKING pc=0x000001eabb7323a3 sp=0x000000a3137fd0c8 mode 2
Event: 6.182 Thread 0x000001eaac900200 Uncommon trap: trap_request=0xffffff45 fr.pc=0x000001eabbcce730 relative=0x0000000000000210
Event: 6.182 Thread 0x000001eaac900200 Uncommon trap: reason=unstable_if action=reinterpret pc=0x000001eabbcce730 method=java.lang.String.startsWith(Ljava/lang/String;I)Z @ 1 c2
Event: 6.182 Thread 0x000001eaac900200 DEOPT PACKING pc=0x000001eabbcce730 sp=0x000000a3137fda30
Event: 6.182 Thread 0x000001eaac900200 DEOPT UNPACKING pc=0x000001eabb7323a3 sp=0x000000a3137fd998 mode 2
Event: 6.848 Thread 0x000001eaac900200 Uncommon trap: trap_request=0xffffff45 fr.pc=0x000001eabbd0c0c8 relative=0x0000000000002f88
Event: 6.848 Thread 0x000001eaac900200 Uncommon trap: reason=unstable_if action=reinterpret pc=0x000001eabbd0c0c8 method=java.net.URL.<init>(Ljava/net/URL;Ljava/lang/String;Ljava/net/URLStreamHandler;)V @ 347 c2
Event: 6.848 Thread 0x000001eaac900200 DEOPT PACKING pc=0x000001eabbd0c0c8 sp=0x000000a3137fe360
Event: 6.849 Thread 0x000001eaac900200 DEOPT UNPACKING pc=0x000001eabb7323a3 sp=0x000000a3137fe310 mode 2

Classes unloaded (0 events):
No events

Classes redefined (0 events):
No events

Internal exceptions (20 events):
Event: 5.702 Thread 0x000001eaac900200 Exception <a 'java/lang/NoSuchMethodError'{0x000000070f4e7150}: 'int java.lang.invoke.DirectMethodHandle$Holder.invokeInterface(java.lang.Object, java.lang.Object)'> (0x000000070f4e7150) 
thrown [s\open\src\hotspot\share\interpreter\linkResolver.cpp, line 759]
Event: 6.048 Thread 0x000001eaac900200 Exception <a 'java/lang/NoSuchMethodError'{0x00000007112b99a8}: 'void java.lang.invoke.DirectMethodHandle$Holder.invokeSpecial(java.lang.Object, java.lang.Object, java.lang.Object, java.lang.Object, java.lang.Object, java.lang.Object)'> (0x00000007112b99a8) 
thrown [s\open\src\hotspot\share\interpreter\linkResolver.cpp, line 759]
Event: 6.088 Thread 0x000001eaac900200 Exception <a 'java/lang/NoSuchMethodError'{0x00000007113e4530}: 'java.lang.Object java.lang.invoke.DirectMethodHandle$Holder.invokeSpecial(java.lang.Object, java.lang.Object, java.lang.Object, int, java.lang.Object)'> (0x00000007113e4530) 
thrown [s\open\src\hotspot\share\interpreter\linkResolver.cpp, line 759]
Event: 6.116 Thread 0x000001eaac900200 Exception <a 'java/lang/NoSuchMethodError'{0x00000007113eca98}: 'java.lang.Object java.lang.invoke.DirectMethodHandle$Holder.newInvokeSpecial(java.lang.Object, java.lang.Object, java.lang.Object, int, java.lang.Object)'> (0x00000007113eca98) 
thrown [s\open\src\hotspot\share\interpreter\linkResolver.cpp, line 759]
Event: 6.118 Thread 0x000001eaac900200 Exception <a 'java/lang/NoSuchMethodError'{0x00000007113f4468}: 'java.lang.Object java.lang.invoke.Invokers$Holder.linkToTargetMethod(java.lang.Object, java.lang.Object, int, java.lang.Object, java.lang.Object)'> (0x00000007113f4468) 
thrown [s\open\src\hotspot\share\interpreter\linkResolver.cpp, line 759]
Event: 6.121 Thread 0x000001eaac900200 Exception <a 'java/lang/NoSuchMethodError'{0x000000071100ad78}: 'java.lang.Object java.lang.invoke.DirectMethodHandle$Holder.newInvokeSpecial(java.lang.Object, int, java.lang.Object)'> (0x000000071100ad78) 
thrown [s\open\src\hotspot\share\interpreter\linkResolver.cpp, line 759]
Event: 6.121 Thread 0x000001eaac900200 Exception <a 'java/lang/NoSuchMethodError'{0x000000071100f8d0}: 'int java.lang.invoke.DirectMethodHandle$Holder.invokeSpecialIFC(java.lang.Object, java.lang.Object, java.lang.Object, java.lang.Object)'> (0x000000071100f8d0) 
thrown [s\open\src\hotspot\share\interpreter\linkResolver.cpp, line 759]
Event: 6.363 Thread 0x000001eaac900200 Exception <a 'java/lang/NoSuchMethodError'{0x00000007111171d8}: 'void java.lang.invoke.DirectMethodHandle$Holder.invokeInterface(java.lang.Object, java.lang.Object, java.lang.Object)'> (0x00000007111171d8) 
thrown [s\open\src\hotspot\share\interpreter\linkResolver.cpp, line 759]
Event: 6.525 Thread 0x000001eaac900200 Exception <a 'java/lang/NoSuchMethodError'{0x0000000710e5daa8}: 'void java.lang.invoke.DirectMethodHandle$Holder.invokeStaticInit(java.lang.Object, java.lang.Object, java.lang.Object)'> (0x0000000710e5daa8) 
thrown [s\open\src\hotspot\share\interpreter\linkResolver.cpp, line 759]
Event: 6.562 Thread 0x000001eaac900200 Exception <a 'java/lang/NoSuchMethodError'{0x0000000710e8f638}: 'java.lang.Object java.lang.invoke.DirectMethodHandle$Holder.invokeStatic(java.lang.Object, java.lang.Object, long, java.lang.Object)'> (0x0000000710e8f638) 
thrown [s\open\src\hotspot\share\interpreter\linkResolver.cpp, line 759]
Event: 6.563 Thread 0x000001eaac900200 Exception <a 'java/lang/NoSuchMethodError'{0x0000000710e930d0}: 'java.lang.Object java.lang.invoke.DirectMethodHandle$Holder.invokeStaticInit(java.lang.Object, java.lang.Object, long, java.lang.Object)'> (0x0000000710e930d0) 
thrown [s\open\src\hotspot\share\interpreter\linkResolver.cpp, line 759]
Event: 6.564 Thread 0x000001eaac900200 Exception <a 'java/lang/NoSuchMethodError'{0x0000000710e99810}: 'java.lang.Object java.lang.invoke.DirectMethodHandle$Holder.newInvokeSpecial(java.lang.Object, java.lang.Object, long)'> (0x0000000710e99810) 
thrown [s\open\src\hotspot\share\interpreter\linkResolver.cpp, line 759]
Event: 6.565 Thread 0x000001eaac900200 Exception <a 'java/lang/NoSuchMethodError'{0x0000000710e9d380}: 'java.lang.Object java.lang.invoke.Invokers$Holder.linkToTargetMethod(java.lang.Object, long, java.lang.Object)'> (0x0000000710e9d380) 
thrown [s\open\src\hotspot\share\interpreter\linkResolver.cpp, line 759]
Event: 6.591 Thread 0x000001eaac900200 Exception <a 'java/lang/NoSuchMethodError'{0x0000000710f17470}: 'java.lang.Object java.lang.invoke.DirectMethodHandle$Holder.invokeVirtual(java.lang.Object, java.lang.Object, java.lang.Object)'> (0x0000000710f17470) 
thrown [s\open\src\hotspot\share\interpreter\linkResolver.cpp, line 759]
Event: 6.643 Thread 0x000001eaac900200 Exception <a 'java/lang/NoSuchMethodError'{0x0000000710fe7660}: 'void java.lang.invoke.DirectMethodHandle$Holder.invokeVirtual(java.lang.Object, java.lang.Object, java.lang.Object, java.lang.Object)'> (0x0000000710fe7660) 
thrown [s\open\src\hotspot\share\interpreter\linkResolver.cpp, line 759]
Event: 6.844 Thread 0x000001eaac900200 Exception <a 'java/lang/IncompatibleClassChangeError'{0x00000007108e4ab8}: Found class java.lang.Object, but interface was expected> (0x00000007108e4ab8) 
thrown [s\open\src\hotspot\share\interpreter\linkResolver.cpp, line 826]
Event: 7.101 Thread 0x000001eb154282f0 Exception <a 'java/lang/NoClassDefFoundError'{0x000000071022dbd8}: jakarta/validation/Validation> (0x000000071022dbd8) 
thrown [s\open\src\hotspot\share\classfile\systemDictionary.cpp, line 245]
Event: 7.102 Thread 0x000001eb154282f0 Exception <a 'java/lang/NoClassDefFoundError'{0x0000000710242690}: org/springframework/http/converter/support/AllEncompassingFormHttpMessageConverter> (0x0000000710242690) 
thrown [s\open\src\hotspot\share\classfile\systemDictionary.cpp, line 245]
Event: 7.104 Thread 0x000001eb154282f0 Exception <a 'java/lang/NoClassDefFoundError'{0x0000000710256a38}: org/springframework/http/converter/json/Jackson2ObjectMapperBuilder> (0x0000000710256a38) 
thrown [s\open\src\hotspot\share\classfile\systemDictionary.cpp, line 245]
Event: 7.107 Thread 0x000001eb154282f0 Exception <a 'java/lang/NoClassDefFoundError'{0x0000000710273508}: org/apache/tomcat/util/http/Rfc6265CookieProcessor> (0x0000000710273508) 
thrown [s\open\src\hotspot\share\classfile\systemDictionary.cpp, line 245]

VM Operations (20 events):
Event: 1.413 Executing VM operation: Cleanup
Event: 1.426 Executing VM operation: Cleanup done
Event: 1.616 Executing VM operation: HandshakeAllThreads
Event: 1.616 Executing VM operation: HandshakeAllThreads done
Event: 2.448 Executing VM operation: G1CollectForAllocation
Event: 2.767 Executing VM operation: G1CollectForAllocation done
Event: 2.793 Executing VM operation: HandshakeAllThreads
Event: 2.793 Executing VM operation: HandshakeAllThreads done
Event: 3.798 Executing VM operation: Cleanup
Event: 3.828 Executing VM operation: Cleanup done
Event: 4.689 Executing VM operation: HandshakeAllThreads
Event: 4.689 Executing VM operation: HandshakeAllThreads done
Event: 5.693 Executing VM operation: Cleanup
Event: 5.693 Executing VM operation: Cleanup done
Event: 5.842 Executing VM operation: G1CollectForAllocation
Event: 5.851 Executing VM operation: G1CollectForAllocation done
Event: 6.806 Executing VM operation: HandshakeAllThreads
Event: 6.806 Executing VM operation: HandshakeAllThreads done
Event: 6.807 Executing VM operation: HandshakeAllThreads
Event: 6.807 Executing VM operation: HandshakeAllThreads done

Events (20 events):
Event: 6.701 loading class java/util/Stack
Event: 6.701 loading class java/util/Stack done
Event: 6.703 loading class java/util/Vector$Itr
Event: 6.703 loading class java/util/Vector$Itr done
Event: 6.837 Thread 0x000001eb154282f0 Thread added: 0x000001eb154282f0
Event: 6.854 loading class java/io/Console
Event: 6.854 loading class java/io/Console done
Event: 6.927 loading class sun/nio/cs/IBM437
Event: 6.927 loading class sun/nio/cs/IBM437 done
Event: 6.927 loading class java/io/Console$2
Event: 6.927 loading class jdk/internal/access/JavaIOAccess
Event: 6.927 loading class jdk/internal/access/JavaIOAccess done
Event: 6.927 loading class java/io/Console$2 done
Event: 6.963 loading class java/nio/file/FileSystemNotFoundException
Event: 6.963 loading class java/nio/file/FileSystemNotFoundException done
Event: 7.092 loading class java/io/NotSerializableException
Event: 7.092 loading class java/io/ObjectStreamException
Event: 7.092 loading class java/io/ObjectStreamException done
Event: 7.092 loading class java/io/NotSerializableException done
Event: 7.111 Thread 0x000001eb154282f0 Thread exited: 0x000001eb154282f0


Dynamic libraries:
0x00007ff605fe0000 - 0x00007ff605ff0000 	F:\java\bin\java.exe
0x00007ffdb0e90000 - 0x00007ffdb10a7000 	C:\WINDOWS\SYSTEM32\ntdll.dll
0x00007ffdaf410000 - 0x00007ffdaf4d4000 	C:\WINDOWS\System32\KERNEL32.DLL
0x00007ffdadf80000 - 0x00007ffdae352000 	C:\WINDOWS\System32\KERNELBASE.dll
0x00007ffda5fc0000 - 0x00007ffda6057000 	C:\WINDOWS\SYSTEM32\apphelp.dll
0x00007ffdaea00000 - 0x00007ffdaeb11000 	C:\WINDOWS\System32\ucrtbase.dll
0x00007ffd952e0000 - 0x00007ffd952fb000 	F:\java\bin\VCRUNTIME140.dll
0x00007ffd955f0000 - 0x00007ffd95609000 	F:\java\bin\jli.dll
0x00007ffdaeba0000 - 0x00007ffdaec51000 	C:\WINDOWS\System32\ADVAPI32.dll
0x00007ffdaf770000 - 0x00007ffdaf817000 	C:\WINDOWS\System32\msvcrt.dll
0x00007ffdb0d40000 - 0x00007ffdb0de8000 	C:\WINDOWS\System32\sechost.dll
0x00007ffdae910000 - 0x00007ffdae938000 	C:\WINDOWS\System32\bcrypt.dll
0x00007ffdb0b10000 - 0x00007ffdb0c24000 	C:\WINDOWS\System32\RPCRT4.dll
0x00007ffdaf5b0000 - 0x00007ffdaf761000 	C:\WINDOWS\System32\USER32.dll
0x00007ffdae740000 - 0x00007ffdae766000 	C:\WINDOWS\System32\win32u.dll
0x00007ffdb0e10000 - 0x00007ffdb0e39000 	C:\WINDOWS\System32\GDI32.dll
0x00007ffdae4d0000 - 0x00007ffdae5f3000 	C:\WINDOWS\System32\gdi32full.dll
0x00007ffdae870000 - 0x00007ffdae90a000 	C:\WINDOWS\System32\msvcp_win.dll
0x00007ffd95cf0000 - 0x00007ffd95f8b000 	C:\WINDOWS\WinSxS\amd64_microsoft.windows.common-controls_6595b64144ccf1df_6.0.22621.5547_none_27104afb73855772\COMCTL32.dll
0x00007ffda7340000 - 0x00007ffda734a000 	C:\WINDOWS\SYSTEM32\VERSION.dll
0x00007ffdaeed0000 - 0x00007ffdaef01000 	C:\WINDOWS\System32\IMM32.DLL
0x00007ffda5d80000 - 0x00007ffda5d8c000 	F:\java\bin\vcruntime140_1.dll
0x00007ffd619b0000 - 0x00007ffd61a3e000 	F:\java\bin\msvcp140.dll
0x00007ffd31f80000 - 0x00007ffd32b60000 	F:\java\bin\server\jvm.dll
0x00007ffdafc90000 - 0x00007ffdafc98000 	C:\WINDOWS\System32\PSAPI.DLL
0x00007ffd92ca0000 - 0x00007ffd92ca9000 	C:\WINDOWS\SYSTEM32\WSOCK32.dll
0x00007ffda6a90000 - 0x00007ffda6ac4000 	C:\WINDOWS\SYSTEM32\WINMM.dll
0x00007ffdaeb20000 - 0x00007ffdaeb91000 	C:\WINDOWS\System32\WS2_32.dll
0x00007ffdad060000 - 0x00007ffdad078000 	C:\WINDOWS\SYSTEM32\kernel.appcore.dll
0x00007ffda29f0000 - 0x00007ffda29fa000 	F:\java\bin\jimage.dll
0x00007ffdabb50000 - 0x00007ffdabd83000 	C:\WINDOWS\SYSTEM32\DBGHELP.DLL
0x00007ffdafe00000 - 0x00007ffdb0193000 	C:\WINDOWS\System32\combase.dll
0x00007ffdafa10000 - 0x00007ffdafae7000 	C:\WINDOWS\System32\OLEAUT32.dll
0x00007ffd94e70000 - 0x00007ffd94ea2000 	C:\WINDOWS\SYSTEM32\dbgcore.DLL
0x00007ffdae770000 - 0x00007ffdae7eb000 	C:\WINDOWS\System32\bcryptPrimitives.dll
0x00007ffd95210000 - 0x00007ffd95235000 	F:\java\bin\java.dll
0x00007ffd5cda0000 - 0x00007ffd5ce77000 	F:\java\bin\jsvml.dll
0x00007ffdb0260000 - 0x00007ffdb0b02000 	C:\WINDOWS\System32\SHELL32.dll
0x00007ffdae600000 - 0x00007ffdae73f000 	C:\WINDOWS\System32\wintypes.dll
0x00007ffdabe70000 - 0x00007ffdac78d000 	C:\WINDOWS\SYSTEM32\windows.storage.dll
0x00007ffdaecf0000 - 0x00007ffdaedfc000 	C:\WINDOWS\System32\SHCORE.dll
0x00007ffdaee60000 - 0x00007ffdaeec9000 	C:\WINDOWS\System32\shlwapi.dll
0x00007ffdadeb0000 - 0x00007ffdadedb000 	C:\WINDOWS\SYSTEM32\profapi.dll
0x00007ffd93200000 - 0x00007ffd93219000 	F:\java\bin\net.dll
0x00007ffda6250000 - 0x00007ffda637c000 	C:\WINDOWS\SYSTEM32\WINHTTP.dll
0x00007ffdad4d0000 - 0x00007ffdad539000 	C:\WINDOWS\system32\mswsock.dll
0x00007ffd93bd0000 - 0x00007ffd93be6000 	F:\java\bin\nio.dll
0x00007ffd93820000 - 0x00007ffd93838000 	F:\java\bin\zip.dll
0x00007ffda1770000 - 0x00007ffda1780000 	F:\java\bin\verify.dll

dbghelp: loaded successfully - version: 4.0.5 - missing functions: none
symbol engine: initialized successfully - sym options: 0x614 - pdb path: .;F:\java\bin;C:\WINDOWS\SYSTEM32;C:\WINDOWS\WinSxS\amd64_microsoft.windows.common-controls_6595b64144ccf1df_6.0.22621.5547_none_27104afb73855772;F:\java\bin\server

VM Arguments:
java_command: c:\Users\Dell\.vscode\extensions\salesforce.salesforce-vscode-slds-2.0.12\lsp-2.0.12-executable.jar --PORT=49156
java_class_path (initial): c:\Users\Dell\.vscode\extensions\salesforce.salesforce-vscode-slds-2.0.12\lsp-2.0.12-executable.jar
Launcher Type: SUN_STANDARD

[Global flags]
     intx CICompilerCount                          = 4                                         {product} {ergonomic}
     uint ConcGCThreads                            = 2                                         {product} {ergonomic}
     uint G1ConcRefinementThreads                  = 8                                         {product} {ergonomic}
   size_t G1HeapRegionSize                         = 2097152                                   {product} {ergonomic}
    uintx GCDrainStackTargetSize                   = 64                                        {product} {ergonomic}
   size_t InitialHeapSize                          = 268435456                                 {product} {ergonomic}
   size_t MarkStackSize                            = 4194304                                   {product} {ergonomic}
   size_t MaxHeapSize                              = 4269801472                                {product} {ergonomic}
   size_t MaxNewSize                               = 2560622592                                {product} {ergonomic}
   size_t MinHeapDeltaBytes                        = 2097152                                   {product} {ergonomic}
   size_t MinHeapSize                              = 8388608                                   {product} {ergonomic}
    uintx NonNMethodCodeHeapSize                   = 5839372                                {pd product} {ergonomic}
    uintx NonProfiledCodeHeapSize                  = 122909434                              {pd product} {ergonomic}
    uintx ProfiledCodeHeapSize                     = 122909434                              {pd product} {ergonomic}
    uintx ReservedCodeCacheSize                    = 251658240                              {pd product} {ergonomic}
     bool SegmentedCodeCache                       = true                                      {product} {ergonomic}
   size_t SoftMaxHeapSize                          = 4269801472                             {manageable} {ergonomic}
     bool UseCompressedClassPointers               = true                           {product lp64_product} {ergonomic}
     bool UseCompressedOops                        = true                           {product lp64_product} {ergonomic}
     bool UseG1GC                                  = true                                      {product} {ergonomic}
     bool UseLargePagesIndividualAllocation        = false                                  {pd product} {ergonomic}

Logging:
Log output configuration:
 #0: stdout all=warning uptime,level,tags
 #1: stderr all=off uptime,level,tags

Environment Variables:
JAVA_HOME=F:\java
PATH=C:\Program Files\Common Files\Oracle\Java\javapath;jdk-19_windows-x64_bin\jdk-19.0.2\bin;Python\Scripts\;Python\;Scripts\;Python\Python385\Scripts\;Python\Python385\;C:\Windows\system32;C:\Windows;C:\Windows\System32\Wbem;C:\Windows\System32\WindowsPowerShell\v1.0\;C:\Windows\System32\OpenSSH\;C:\Program Files (x86)\NVIDIA Corporation\PhysX\Common;C:\WINDOWS\system32;C:\WINDOWS;C:\WINDOWS\System32\Wbem;C:\WINDOWS\System32\WindowsPowerShell\v1.0\;C:\WINDOWS\System32\OpenSSH\;C:\Program Files\MongoDB\Server\4.2\bin;C:\ProgramData\chocolatey\bin;C:\Program Files\Java\jdk-14.0.1\bin;xampp\php;C:\ProgramData\ComposerSetup\bin;C:\Program Files (x86)\Intel\Intel(R) Management Engine Components\DAL;C:\Program Files\Intel\Intel(R) Management Engine Components\DAL;C:\MinGW;React projects;C:\Users\Dell\AppData\Roaming\npm\node_modules;C:\Program Files\Git\cmd;C:\Program Files\Git\bin;F:\AndroidSDK\Sdk\emulator;C:\Program Files\Docker\Docker\resources\bin;Go\bin;C:\Users\Dell\AppData\Roaming\nvm;C:\Program Files\nodejs;C:\Program Files\dotnet\;F:\PostgresSQL\bin;F:\PostgresSQL\lib;F:\Go\bin;C:\Program Files\MySQL\MySQL Server 8.0\bin;C:\Program Files\PowerShell\7-preview\preview;C:\Program Files\PowerShell\7\;C:\Program Files\MySQL\MySQL Shell 8.0\bin\;F:\Python312\Scripts\;F:\Python312\;C:\Program Files (x86)\Google\Chrome\Application;C:\WINDO;Microsoft VS Code\bin;node-v13.12.0-win-x64\node-v13.12.0-win-x64\node_modules\npm;C:\src\flutter\flutter\bin;C:\Users\Dell\Java\jdk-12.0.2\bin;C:\Users\Dell\AppData\Local\Android\Sdk;C:\Users\Dell\AppData\Local\Microsoft\WindowsApps;F:\Python\PyCharm Community Edition 2020.3.3\bin;C:\Users\Dell\AppData\Roaming\Composer\vendor\bin;E:\Codeblocks\MinGW\bin;C:\Users\Dell\AppData\Roaming\npm;C:\Users\Dell\AppData\Local\GitHubDesktop\bin;F:\Microsoft VS Code\bin;F:\Python312;F:\Python312\Scripts;F:\Codeblocks\MinGW\bin;F:\AndroidSDK\Sdk;F:\AndroidSDK\Sdk\tools;F:\AndroidSDK\Sdk\platform-tools;C:\Users\Dell\.dotnet\tools;C:\Users\Dell\go\bin
USERNAME=Dell
OS=Windows_NT
PROCESSOR_IDENTIFIER=Intel64 Family 6 Model 142 Stepping 10, GenuineIntel



---------------  S Y S T E M  ---------------

OS:
 Windows 11 , 64 bit Build 22621 (10.0.22621.5415)
OS uptime: 24 days 1:19 hours
Hyper-V role detected

CPU: total 8 (initial active 8) (4 cores per cpu, 2 threads per core) family 6 model 142 stepping 10 microcode 0xf0, cx8, cmov, fxsr, ht, mmx, 3dnowpref, sse, sse2, sse3, ssse3, sse4.1, sse4.2, popcnt, lzcnt, tsc, tscinvbit, avx, avx2, aes, erms, clmul, bmi1, bmi2, adx, fma, vzeroupper, clflush, clflushopt, hv

Memory: 4k page, system-wide physical 16280M (3292M free)
TotalPageFile size 29545M (AvailPageFile size 6M)
current process WorkingSet (physical memory assigned to process): 113M, peak: 129M
current process commit charge ("private bytes"): 376M, peak: 412M

vm_info: Java HotSpot(TM) 64-Bit Server VM (17.0.12+8-LTS-286) for windows-amd64 JRE (17.0.12+8-LTS-286), built on Jun  5 2024 06:46:59 by "mach5one" with MS VC++ 17.6 (VS2022)

END.
